{"uuid":"a8596b6d-9471-4a69-a30d-654b1974de16","historyId":"533e02e26133fb919cfee6b26282f543","fullName":"sleniumframework.tests.EndToEndOrderProduct.validateProductQuantityInCart","labels":[{"name":"package","value":"sleniumframework.tests.EndToEndOrderProduct"},{"name":"testClass","value":"sleniumframework.tests.EndToEndOrderProduct"},{"name":"testMethod","value":"validateProductQuantityInCart"},{"name":"parentSuite","value":"Smoke"},{"name":"suite","value":"Smoke Test"},{"name":"subSuite","value":"sleniumframework.tests.EndToEndOrderProduct"},{"name":"host","value":"DESKTOP-OU8PKGM"},{"name":"thread","value":"23780@DESKTOP-OU8PKGM.main(1)"},{"name":"framework","value":"testng"},{"name":"language","value":"java"}],"links":[],"name":"validateProductQuantityInCart","status":"skipped","statusDetails":{"known":false,"muted":false,"flaky":false,"message":"Could not start a new session. Possible causes are invalid address of the remote server or browser start-up failure. \nHost info: host: 'DESKTOP-OU8PKGM', ip: '158.39.125.203'\nBuild info: version: '4.19.1', revision: 'abe0ee07dc'\nSystem info: os.name: 'Windows 11', os.arch: 'amd64', os.version: '10.0', java.version: '21.0.2'\nDriver info: org.openqa.selenium.remote.RemoteWebDriver\nCommand: [null, newSession {capabilities=[Capabilities {browserName: chrome, goog:chromeOptions: {args: [--headless, --disable-gpu], extensions: [], prefs: {download.default_directory: C:\\Users\\Sabir\\eclipse-work..., profile.default_content_settings.popups: 0}}, timeouts: {pageLoad: 5000}}]}]\nCapabilities {browserName: chrome, goog:chromeOptions: {args: [--headless, --disable-gpu], extensions: [], prefs: {download.default_directory: C:\\Users\\Sabir\\eclipse-work..., profile.default_content_settings.popups: 0}}, timeouts: {pageLoad: 5000}}","trace":"org.openqa.selenium.SessionNotCreatedException: Could not start a new session. Possible causes are invalid address of the remote server or browser start-up failure. \nHost info: host: 'DESKTOP-OU8PKGM', ip: '158.39.125.203'\nBuild info: version: '4.19.1', revision: 'abe0ee07dc'\nSystem info: os.name: 'Windows 11', os.arch: 'amd64', os.version: '10.0', java.version: '21.0.2'\nDriver info: org.openqa.selenium.remote.RemoteWebDriver\nCommand: [null, newSession {capabilities=[Capabilities {browserName: chrome, goog:chromeOptions: {args: [--headless, --disable-gpu], extensions: [], prefs: {download.default_directory: C:\\Users\\Sabir\\eclipse-work..., profile.default_content_settings.popups: 0}}, timeouts: {pageLoad: 5000}}]}]\nCapabilities {browserName: chrome, goog:chromeOptions: {args: [--headless, --disable-gpu], extensions: [], prefs: {download.default_directory: C:\\Users\\Sabir\\eclipse-work..., profile.default_content_settings.popups: 0}}, timeouts: {pageLoad: 5000}}\r\n\tat org.openqa.selenium.remote.RemoteWebDriver.execute(RemoteWebDriver.java:536)\r\n\tat org.openqa.selenium.remote.RemoteWebDriver.startSession(RemoteWebDriver.java:232)\r\n\tat org.openqa.selenium.remote.RemoteWebDriver.<init>(RemoteWebDriver.java:161)\r\n\tat org.openqa.selenium.remote.RemoteWebDriver.<init>(RemoteWebDriver.java:141)\r\n\tat sleniumframework.testcomponents.BaseTest.initializeDriver(BaseTest.java:66)\r\n\tat sleniumframework.testcomponents.BaseTest.landingPage(BaseTest.java:132)\r\n\tat java.base/jdk.internal.reflect.DirectMethodHandleAccessor.invoke(DirectMethodHandleAccessor.java:103)\r\n\tat java.base/java.lang.reflect.Method.invoke(Method.java:580)\r\n\tat org.testng.internal.invokers.MethodInvocationHelper.invokeMethod(MethodInvocationHelper.java:141)\r\n\tat org.testng.internal.invokers.MethodInvocationHelper.invokeMethodConsideringTimeout(MethodInvocationHelper.java:71)\r\n\tat org.testng.internal.invokers.ConfigInvoker.invokeConfigurationMethod(ConfigInvoker.java:400)\r\n\tat org.testng.internal.invokers.ConfigInvoker.invokeConfigurations(ConfigInvoker.java:333)\r\n\tat org.testng.internal.invokers.TestMethodWorker.invokeBeforeClassMethods(TestMethodWorker.java:188)\r\n\tat org.testng.internal.invokers.TestMethodWorker.run(TestMethodWorker.java:128)\r\n\tat java.base/java.util.ArrayList.forEach(ArrayList.java:1596)\r\n\tat org.testng.TestRunner.privateRun(TestRunner.java:739)\r\n\tat org.testng.TestRunner.run(TestRunner.java:614)\r\n\tat org.testng.SuiteRunner.runTest(SuiteRunner.java:421)\r\n\tat org.testng.SuiteRunner.runSequentially(SuiteRunner.java:413)\r\n\tat org.testng.SuiteRunner.privateRun(SuiteRunner.java:373)\r\n\tat org.testng.SuiteRunner.run(SuiteRunner.java:312)\r\n\tat org.testng.SuiteRunnerWorker.runSuite(SuiteRunnerWorker.java:52)\r\n\tat org.testng.SuiteRunnerWorker.run(SuiteRunnerWorker.java:95)\r\n\tat org.testng.TestNG.runSuitesSequentially(TestNG.java:1274)\r\n\tat org.testng.TestNG.runSuitesLocally(TestNG.java:1208)\r\n\tat org.testng.TestNG.runSuites(TestNG.java:1112)\r\n\tat org.testng.TestNG.run(TestNG.java:1079)\r\n\tat org.apache.maven.surefire.testng.TestNGExecutor.run(TestNGExecutor.java:308)\r\n\tat org.apache.maven.surefire.testng.TestNGXmlTestSuite.execute(TestNGXmlTestSuite.java:71)\r\n\tat org.apache.maven.surefire.testng.TestNGProvider.invoke(TestNGProvider.java:113)\r\n\tat org.apache.maven.surefire.booter.ForkedBooter.runSuitesInProcess(ForkedBooter.java:385)\r\n\tat org.apache.maven.surefire.booter.ForkedBooter.execute(ForkedBooter.java:162)\r\n\tat org.apache.maven.surefire.booter.ForkedBooter.run(ForkedBooter.java:507)\r\n\tat org.apache.maven.surefire.booter.ForkedBooter.main(ForkedBooter.java:495)\r\nCaused by: java.lang.IllegalArgumentException: unsupported URI http://:4444/wd/hub/session\r\n\tat java.net.http/jdk.internal.net.http.common.Utils.newIAE(Utils.java:326)\r\n\tat java.net.http/jdk.internal.net.http.HttpRequestBuilderImpl.checkURI(HttpRequestBuilderImpl.java:85)\r\n\tat java.net.http/jdk.internal.net.http.HttpRequestBuilderImpl.uri(HttpRequestBuilderImpl.java:71)\r\n\tat java.net.http/jdk.internal.net.http.HttpRequestBuilderImpl.uri(HttpRequestBuilderImpl.java:43)\r\n\tat org.openqa.selenium.remote.http.jdk.JdkHttpMessages.createRequest(JdkHttpMessages.java:70)\r\n\tat org.openqa.selenium.remote.http.jdk.JdkHttpClient.execute0(JdkHttpClient.java:371)\r\n\tat org.openqa.selenium.remote.http.AddSeleniumUserAgent.lambda$apply$0(AddSeleniumUserAgent.java:42)\r\n\tat org.openqa.selenium.remote.http.Filter.lambda$andFinally$1(Filter.java:55)\r\n\tat org.openqa.selenium.remote.http.jdk.JdkHttpClient.execute(JdkHttpClient.java:352)\r\n\tat org.openqa.selenium.remote.tracing.TracedHttpClient.execute(TracedHttpClient.java:54)\r\n\tat org.openqa.selenium.remote.ProtocolHandshake.createSession(ProtocolHandshake.java:89)\r\n\tat org.openqa.selenium.remote.ProtocolHandshake.createSession(ProtocolHandshake.java:75)\r\n\tat org.openqa.selenium.remote.ProtocolHandshake.createSession(ProtocolHandshake.java:61)\r\n\tat org.openqa.selenium.remote.HttpCommandExecutor.execute(HttpCommandExecutor.java:162)\r\n\tat org.openqa.selenium.remote.TracedCommandExecutor.execute(TracedCommandExecutor.java:51)\r\n\tat org.openqa.selenium.remote.RemoteWebDriver.execute(RemoteWebDriver.java:518)\r\n\t... 33 more\r\n"},"stage":"finished","steps":[],"attachments":[],"parameters":[],"start":1721466309856,"stop":1721466309857}