<!DOCTYPE html>

<html>
  <head>
  <meta charset='utf-8'>
  <title>TestNG reports</title>

    <link type="text/css" href="testng-reports1.css" rel="stylesheet" id="ultra" />
    <link type="text/css" href="testng-reports.css" rel="stylesheet" id="retro" disabled="false"/>
    <script type="text/javascript" src="jquery-3.6.0.min.js"></script>
    <script type="text/javascript" src="testng-reports.js"></script>
    <script type="text/javascript" src="https://www.google.com/jsapi"></script>
    <script type='text/javascript'>
      google.load('visualization', '1', {packages:['table']});
      google.setOnLoadCallback(drawTable);
      var suiteTableInitFunctions = new Array();
      var suiteTableData = new Array();
    </script>
    <!--
      <script type="text/javascript" src="jquery-ui/js/jquery-ui-1.8.16.custom.min.js"></script>
     -->
  </head>

  <body>    <div class="top-banner-root">
      <span class="top-banner-title-font">Test results</span>
      <button id="button" class="button">Switch Retro Theme</button> <!-- button -->
      <br/>
      <span class="top-banner-font-1">1 suite, 3 failed tests</span>
    </div> <!-- top-banner-root -->
    <div class="navigator-root">
      <div class="navigator-suite-header">
        <span>All suites</span>
        <a href="#" title="Collapse/expand all the suites" class="collapse-all-link">
          <img src="collapseall.gif" class="collapse-all-icon">
          </img> <!-- collapse-all-icon -->
        </a> <!-- collapse-all-link -->
      </div> <!-- navigator-suite-header -->
      <div class="suite">
        <div class="rounded-window">
          <div class="suite-header light-rounded-window-top">
            <a href="#" panel-name="suite-Regression" class="navigator-link">
              <span class="suite-name border-failed">Regression</span>
            </a> <!-- navigator-link -->
          </div> <!-- suite-header light-rounded-window-top -->
          <div class="navigator-suite-content">
            <div class="suite-section-title">
              <span>Info</span>
            </div> <!-- suite-section-title -->
            <div class="suite-section-content">
              <ul>
                <li>
                  <a href="#" panel-name="test-xml-Regression" class="navigator-link ">
                    <span>C:\Users\Sabir\eclipse-workspace\sleniumframework\testSuites\testng.xml</span>
                  </a> <!-- navigator-link  -->
                </li>
                <li>
                  <a href="#" panel-name="testlist-Regression" class="navigator-link ">
                    <span class="test-stats">1 test</span>
                  </a> <!-- navigator-link  -->
                </li>
                <li>
                  <a href="#" panel-name="group-Regression" class="navigator-link ">
                    <span>0 groups</span>
                  </a> <!-- navigator-link  -->
                </li>
                <li>
                  <a href="#" panel-name="times-Regression" class="navigator-link ">
                    <span>Times</span>
                  </a> <!-- navigator-link  -->
                </li>
                <li>
                  <a href="#" panel-name="reporter-Regression" class="navigator-link ">
                    <span>Reporter output</span>
                  </a> <!-- navigator-link  -->
                </li>
                <li>
                  <a href="#" panel-name="ignored-methods-Regression" class="navigator-link ">
                    <span>Ignored methods</span>
                  </a> <!-- navigator-link  -->
                </li>
                <li>
                  <a href="#" panel-name="chronological-Regression" class="navigator-link ">
                    <span>Chronological view</span>
                  </a> <!-- navigator-link  -->
                </li>
              </ul>
            </div> <!-- suite-section-content -->
            <div class="result-section">
              <div class="suite-section-title">
                <span>Results</span>
              </div> <!-- suite-section-title -->
              <div class="suite-section-content">
                <ul>
                  <li>
                    <span class="method-stats">31 methods, 3 failed,  6 skipped,  22 passed</span>
                  </li>
                  <li>
                    <span class="method-list-title failed">Failed methods</span>
                    <span class="show-or-hide-methods failed">
                      <a href="#" panel-name="suite-Regression" class="hide-methods failed suite-Regression"> (hide)</a> <!-- hide-methods failed suite-Regression -->
                      <a href="#" panel-name="suite-Regression" class="show-methods failed suite-Regression"> (show)</a> <!-- show-methods failed suite-Regression -->
                    </span>
                    <div class="method-list-content failed suite-Regression">
                      <span>
                        <img src="failed.png" width="3%"/>
                        <a href="#" panel-name="suite-Regression" title="sleniumframework.tests.EndToEndOrderProduct" class="method navigator-link" hash-for-method="registerWhileCheckout">registerWhileCheckout</a> <!-- method navigator-link -->
                      </span>
                      <br/>
                      <span>
                        <img src="failed.png" width="3%"/>
                        <a href="#" panel-name="suite-Regression" title="sleniumframework.tests.EndToEndOrderProduct" class="method navigator-link" hash-for-method="validateCartProductAfterLogin">validateCartProductAfterLogin</a> <!-- method navigator-link -->
                      </span>
                      <br/>
                      <span>
                        <img src="failed.png" width="3%"/>
                        <a href="#" panel-name="suite-Regression" title="sleniumframework.tests.EndToEndOrderProduct" class="method navigator-link" hash-for-method="validateProductQuantityInCart">validateProductQuantityInCart</a> <!-- method navigator-link -->
                      </span>
                      <br/>
                    </div> <!-- method-list-content failed suite-Regression -->
                  </li>
                  <li>
                    <span class="method-list-title skipped">Retried methods</span>
                    <span class="show-or-hide-methods skipped">
                      <a href="#" panel-name="suite-Regression" class="hide-methods skipped suite-Regression"> (hide)</a> <!-- hide-methods skipped suite-Regression -->
                      <a href="#" panel-name="suite-Regression" class="show-methods skipped suite-Regression"> (show)</a> <!-- show-methods skipped suite-Regression -->
                    </span>
                    <div class="method-list-content skipped suite-Regression">
                      <span>
                        <img src="skipped.png" width="3%"/>
                        <a href="#" panel-name="suite-Regression" title="sleniumframework.tests.EndToEndOrderProduct" class="method navigator-link" hash-for-method="registerWhileCheckout">registerWhileCheckout</a> <!-- method navigator-link -->
                      </span>
                      <br/>
                      <span>
                        <img src="skipped.png" width="3%"/>
                        <a href="#" panel-name="suite-Regression" title="sleniumframework.tests.EndToEndOrderProduct" class="method navigator-link" hash-for-method="registerWhileCheckout">registerWhileCheckout</a> <!-- method navigator-link -->
                      </span>
                      <br/>
                      <span>
                        <img src="skipped.png" width="3%"/>
                        <a href="#" panel-name="suite-Regression" title="sleniumframework.tests.EndToEndOrderProduct" class="method navigator-link" hash-for-method="validateCartProductAfterLogin">validateCartProductAfterLogin</a> <!-- method navigator-link -->
                      </span>
                      <br/>
                      <span>
                        <img src="skipped.png" width="3%"/>
                        <a href="#" panel-name="suite-Regression" title="sleniumframework.tests.EndToEndOrderProduct" class="method navigator-link" hash-for-method="validateCartProductAfterLogin">validateCartProductAfterLogin</a> <!-- method navigator-link -->
                      </span>
                      <br/>
                      <span>
                        <img src="skipped.png" width="3%"/>
                        <a href="#" panel-name="suite-Regression" title="sleniumframework.tests.EndToEndOrderProduct" class="method navigator-link" hash-for-method="validateProductQuantityInCart">validateProductQuantityInCart</a> <!-- method navigator-link -->
                      </span>
                      <br/>
                      <span>
                        <img src="skipped.png" width="3%"/>
                        <a href="#" panel-name="suite-Regression" title="sleniumframework.tests.EndToEndOrderProduct" class="method navigator-link" hash-for-method="validateProductQuantityInCart">validateProductQuantityInCart</a> <!-- method navigator-link -->
                      </span>
                      <br/>
                    </div> <!-- method-list-content skipped suite-Regression -->
                  </li>
                  <li>
                    <span class="method-list-title passed">Passed methods</span>
                    <span class="show-or-hide-methods passed">
                      <a href="#" panel-name="suite-Regression" class="hide-methods passed suite-Regression"> (hide)</a> <!-- hide-methods passed suite-Regression -->
                      <a href="#" panel-name="suite-Regression" class="show-methods passed suite-Regression"> (show)</a> <!-- show-methods passed suite-Regression -->
                    </span>
                    <div class="method-list-content passed suite-Regression">
                      <span>
                        <img src="passed.png" width="3%"/>
                        <a href="#" panel-name="suite-Regression" title="sleniumframework.tests.PageTitleValidation" class="method navigator-link" hash-for-method="addBannerValidation">addBannerValidation</a> <!-- method navigator-link -->
                      </span>
                      <br/>
                      <span>
                        <img src="passed.png" width="3%"/>
                        <a href="#" panel-name="suite-Regression" title="sleniumframework.tests.EndToEndOrderProduct" class="method navigator-link" hash-for-method="addProductInCart">addProductInCart</a> <!-- method navigator-link -->
                      </span>
                      <br/>
                      <span>
                        <img src="passed.png" width="3%"/>
                        <a href="#" panel-name="suite-Regression" title="sleniumframework.tests.EndToEndTest" class="method navigator-link" hash-for-method="contactUsForm">contactUsForm</a> <!-- method navigator-link -->
                      </span>
                      <br/>
                      <span>
                        <img src="passed.png" width="3%"/>
                        <a href="#" panel-name="suite-Regression" title="sleniumframework.tests.EndToEndLoginSignup" class="method navigator-link" hash-for-method="deleteAccount">deleteAccount</a> <!-- method navigator-link -->
                      </span>
                      <br/>
                      <span>
                        <img src="passed.png" width="3%"/>
                        <a href="#" panel-name="suite-Regression" title="sleniumframework.tests.PageTitleValidation" class="method navigator-link" hash-for-method="headerMenuValidation">headerMenuValidation</a> <!-- method navigator-link -->
                      </span>
                      <br/>
                      <span>
                        <img src="passed.png" width="3%"/>
                        <a href="#" panel-name="suite-Regression" title="sleniumframework.tests.EndToEndLoginSignup" class="method navigator-link" hash-for-method="invalidLogin">invalidLogin</a> <!-- method navigator-link -->
                      </span>
                      <br/>
                      <span>
                        <img src="passed.png" width="3%"/>
                        <a href="#" panel-name="suite-Regression" title="sleniumframework.tests.EndToEndTest" class="method navigator-link" hash-for-method="invalidLogin">invalidLogin</a> <!-- method navigator-link -->
                      </span>
                      <br/>
                      <span>
                        <img src="passed.png" width="3%"/>
                        <a href="#" panel-name="suite-Regression" title="sleniumframework.tests.EndToEndTest" class="method navigator-link" hash-for-method="logoutUser">logoutUser</a> <!-- method navigator-link -->
                      </span>
                      <br/>
                      <span>
                        <img src="passed.png" width="3%"/>
                        <a href="#" panel-name="suite-Regression" title="sleniumframework.tests.EndToEndOrderProduct" class="method navigator-link" hash-for-method="productOrderThroughProductDetails">productOrderThroughProductDetails</a> <!-- method navigator-link -->
                      </span>
                      <br/>
                      <span>
                        <img src="passed.png" width="3%"/>
                        <a href="#" panel-name="suite-Regression" title="sleniumframework.tests.EndToEndTest" class="method navigator-link" hash-for-method="registerPage">registerPage</a> <!-- method navigator-link -->
                      </span>
                      <br/>
                      <span>
                        <img src="passed.png" width="3%"/>
                        <a href="#" panel-name="suite-Regression" title="sleniumframework.tests.EndToEndTest" class="method navigator-link" hash-for-method="registerWithExistingEmail">registerWithExistingEmail</a> <!-- method navigator-link -->
                      </span>
                      <br/>
                      <span>
                        <img src="passed.png" width="3%"/>
                        <a href="#" panel-name="suite-Regression" title="sleniumframework.tests.EndToEndLoginSignup" class="method navigator-link" hash-for-method="registerWithExistingEmail">registerWithExistingEmail</a> <!-- method navigator-link -->
                      </span>
                      <br/>
                      <span>
                        <img src="passed.png" width="3%"/>
                        <a href="#" panel-name="suite-Regression" title="sleniumframework.tests.EndToEndOrderProduct" class="method navigator-link" hash-for-method="removeProductFromCart">removeProductFromCart</a> <!-- method navigator-link -->
                      </span>
                      <br/>
                      <span>
                        <img src="passed.png" width="3%"/>
                        <a href="#" panel-name="suite-Regression" title="sleniumframework.tests.EndToEndOrderProduct" class="method navigator-link" hash-for-method="searchProduct">searchProduct</a> <!-- method navigator-link -->
                      </span>
                      <br/>
                      <span>
                        <img src="passed.png" width="3%"/>
                        <a href="#" panel-name="suite-Regression" title="sleniumframework.tests.PageTitleValidation" class="method navigator-link" hash-for-method="sideMenuValidation">sideMenuValidation</a> <!-- method navigator-link -->
                      </span>
                      <br/>
                      <span>
                        <img src="passed.png" width="3%"/>
                        <a href="#" panel-name="suite-Regression" title="sleniumframework.tests.EndToEndLoginSignup" class="method navigator-link" hash-for-method="signupFlow">signupFlow</a> <!-- method navigator-link -->
                      </span>
                      <br/>
                      <span>
                        <img src="passed.png" width="3%"/>
                        <a href="#" panel-name="suite-Regression" title="sleniumframework.tests.EndToEndOrderProduct" class="method navigator-link" hash-for-method="subscriptionValidation">subscriptionValidation</a> <!-- method navigator-link -->
                      </span>
                      <br/>
                      <span>
                        <img src="passed.png" width="3%"/>
                        <a href="#" panel-name="suite-Regression" title="sleniumframework.tests.EndToEndLoginSignup" class="method navigator-link" hash-for-method="validLogin">validLogin</a> <!-- method navigator-link -->
                      </span>
                      <br/>
                      <span>
                        <img src="passed.png" width="3%"/>
                        <a href="#" panel-name="suite-Regression" title="sleniumframework.tests.EndToEndTest" class="method navigator-link" hash-for-method="validLogin">validLogin</a> <!-- method navigator-link -->
                      </span>
                      <br/>
                      <span>
                        <img src="passed.png" width="3%"/>
                        <a href="#" panel-name="suite-Regression" title="sleniumframework.tests.contactUsFormValidation" class="method navigator-link" hash-for-method="validateContactUsForm">validateContactUsForm</a> <!-- method navigator-link -->
                      </span>
                      <br/>
                      <span>
                        <img src="passed.png" width="3%"/>
                        <a href="#" panel-name="suite-Regression" title="sleniumframework.tests.EndToEndOrderProduct" class="method navigator-link" hash-for-method="viewCartBrandProducts">viewCartBrandProducts</a> <!-- method navigator-link -->
                      </span>
                      <br/>
                      <span>
                        <img src="passed.png" width="3%"/>
                        <a href="#" panel-name="suite-Regression" title="sleniumframework.tests.EndToEndOrderProduct" class="method navigator-link" hash-for-method="viewCategoryProducts">viewCategoryProducts</a> <!-- method navigator-link -->
                      </span>
                      <br/>
                    </div> <!-- method-list-content passed suite-Regression -->
                  </li>
                </ul>
              </div> <!-- suite-section-content -->
            </div> <!-- result-section -->
          </div> <!-- navigator-suite-content -->
        </div> <!-- rounded-window -->
      </div> <!-- suite -->
    </div> <!-- navigator-root -->
    <div class="wrapper">
      <div class="main-panel-root">
        <div panel-name="suite-Regression" class="panel Regression">
          <div class="suite-Regression-class-failed">
            <div class="main-panel-header rounded-window-top">
              <img src="failed.png"/>
              <span class="class-name">sleniumframework.tests.EndToEndOrderProduct</span>
            </div> <!-- main-panel-header rounded-window-top -->
            <div class="main-panel-content rounded-window-bottom">
              <div class="method">
                <div class="method-content">
                  <a name="registerWhileCheckout">
                  </a> <!-- registerWhileCheckout -->
                  <span class="method-name">registerWhileCheckout</span>
                  <div class="stack-trace">java.lang.IndexOutOfBoundsException: Index 1 out of bounds for length 0
	at java.base/jdk.internal.util.Preconditions.outOfBounds(Preconditions.java:100)
	at java.base/jdk.internal.util.Preconditions.outOfBoundsCheckIndex(Preconditions.java:106)
	at java.base/jdk.internal.util.Preconditions.checkIndex(Preconditions.java:302)
	at java.base/java.util.Objects.checkIndex(Objects.java:385)
	at java.base/java.util.ArrayList.get(ArrayList.java:427)
	at org.openqa.selenium.support.pagefactory.internal.LocatingElementListHandler.invoke(LocatingElementListHandler.java:39)
	at jdk.proxy2/jdk.proxy2.$Proxy12.get(Unknown Source)
	at sleniumframework.pageobjects.ProductsPage.productName(ProductsPage.java:68)
	at sleniumframework.pageobjects.ProductsPage.productDetails(ProductsPage.java:73)
	at sleniumframework.tests.EndToEndOrderProduct.validateProductQuantityInCart(EndToEndOrderProduct.java:134)
	at sleniumframework.tests.EndToEndOrderProduct.registerWhileCheckout(EndToEndOrderProduct.java:146)
	at java.base/java.util.ArrayList.forEach(ArrayList.java:1596)
... Removed 31 stack frames
</div> <!-- stack-trace -->
                </div> <!-- method-content -->
              </div> <!-- method -->
              <div class="method">
                <div class="method-content">
                  <a name="validateCartProductAfterLogin">
                  </a> <!-- validateCartProductAfterLogin -->
                  <span class="method-name">validateCartProductAfterLogin</span>
                  <div class="stack-trace">org.openqa.selenium.NoSuchElementException: no such element: Unable to locate element: {&quot;method&quot;:&quot;css selector&quot;,&quot;selector&quot;:&quot;[href*=&apos;/login&apos;]&quot;}
  (Session info: chrome=126.0.6478.182)
For documentation on this error, please visit: https://www.selenium.dev/documentation/webdriver/troubleshooting/errors#no-such-element-exception
Build info: version: &apos;4.22.0&apos;, revision: &apos;c5f3146703*&apos;
System info: os.name: &apos;Windows 11&apos;, os.arch: &apos;amd64&apos;, os.version: &apos;10.0&apos;, java.version: &apos;21.0.2&apos;
Driver info: org.openqa.selenium.chrome.ChromeDriver
Command: [986d324da8bd38c0ec30a72a3b912c1c, findElement {using=css selector, value=[href*=&apos;/login&apos;]}]
Capabilities {acceptInsecureCerts: false, browserName: chrome, browserVersion: 126.0.6478.182, chrome: {chromedriverVersion: 126.0.6478.182 (5b5d8292ddf..., userDataDir: C:\Users\Sabir\AppData\Loca...}, fedcm:accounts: true, goog:chromeOptions: {debuggerAddress: localhost:60834}, networkConnectionEnabled: false, pageLoadStrategy: normal, platformName: windows, proxy: Proxy(), se:cdp: ws://localhost:60834/devtoo..., se:cdpVersion: 126.0.6478.182, setWindowRect: true, strictFileInteractability: false, timeouts: {implicit: 0, pageLoad: 300000, script: 30000}, unhandledPromptBehavior: dismiss and notify, webauthn:extension:credBlob: true, webauthn:extension:largeBlob: true, webauthn:extension:minPinLength: true, webauthn:extension:prf: true, webauthn:virtualAuthenticators: true}
Session ID: 986d324da8bd38c0ec30a72a3b912c1c
	at org.openqa.selenium.remote.ErrorCodec.decode(ErrorCodec.java:167)
	at org.openqa.selenium.remote.codec.w3c.W3CHttpResponseCodec.decode(W3CHttpResponseCodec.java:138)
	at org.openqa.selenium.remote.codec.w3c.W3CHttpResponseCodec.decode(W3CHttpResponseCodec.java:50)
	at org.openqa.selenium.remote.HttpCommandExecutor.execute(HttpCommandExecutor.java:190)
	at org.openqa.selenium.remote.service.DriverCommandExecutor.invokeExecute(DriverCommandExecutor.java:216)
	at org.openqa.selenium.remote.service.DriverCommandExecutor.execute(DriverCommandExecutor.java:174)
	at org.openqa.selenium.remote.RemoteWebDriver.execute(RemoteWebDriver.java:518)
	at org.openqa.selenium.remote.ElementLocation$ElementFinder$2.findElement(ElementLocation.java:165)
	at org.openqa.selenium.remote.ElementLocation.findElement(ElementLocation.java:59)
	at org.openqa.selenium.remote.RemoteWebDriver.findElement(RemoteWebDriver.java:355)
	at org.openqa.selenium.remote.RemoteWebDriver.findElement(RemoteWebDriver.java:349)
	at org.openqa.selenium.support.pagefactory.DefaultElementLocator.findElement(DefaultElementLocator.java:68)
	at org.openqa.selenium.support.pagefactory.internal.LocatingElementHandler.invoke(LocatingElementHandler.java:38)
	at jdk.proxy2/jdk.proxy2.$Proxy11.click(Unknown Source)
	at sleniumframework.pageobjects.LandingPage.signupLogin(LandingPage.java:149)
	at sleniumframework.tests.EndToEndOrderProduct.validateCartProductAfterLogin(EndToEndOrderProduct.java:257)
	at java.base/java.util.ArrayList.forEach(ArrayList.java:1596)
... Removed 32 stack frames
</div> <!-- stack-trace -->
                </div> <!-- method-content -->
              </div> <!-- method -->
              <div class="method">
                <div class="method-content">
                  <a name="validateProductQuantityInCart">
                  </a> <!-- validateProductQuantityInCart -->
                  <span class="method-name">validateProductQuantityInCart</span>
                  <div class="stack-trace">java.lang.IndexOutOfBoundsException: Index 1 out of bounds for length 0
	at java.base/jdk.internal.util.Preconditions.outOfBounds(Preconditions.java:100)
	at java.base/jdk.internal.util.Preconditions.outOfBoundsCheckIndex(Preconditions.java:106)
	at java.base/jdk.internal.util.Preconditions.checkIndex(Preconditions.java:302)
	at java.base/java.util.Objects.checkIndex(Objects.java:385)
	at java.base/java.util.ArrayList.get(ArrayList.java:427)
	at org.openqa.selenium.support.pagefactory.internal.LocatingElementListHandler.invoke(LocatingElementListHandler.java:39)
	at jdk.proxy2/jdk.proxy2.$Proxy12.get(Unknown Source)
	at sleniumframework.pageobjects.ProductsPage.productName(ProductsPage.java:68)
	at sleniumframework.pageobjects.ProductsPage.productDetails(ProductsPage.java:73)
	at sleniumframework.tests.EndToEndOrderProduct.validateProductQuantityInCart(EndToEndOrderProduct.java:134)
	at java.base/java.util.ArrayList.forEach(ArrayList.java:1596)
... Removed 31 stack frames
</div> <!-- stack-trace -->
                </div> <!-- method-content -->
              </div> <!-- method -->
            </div> <!-- main-panel-content rounded-window-bottom -->
          </div> <!-- suite-Regression-class-failed -->
          <div class="suite-Regression-class-skipped">
            <div class="main-panel-header rounded-window-top">
              <img src="skipped.png"/>
              <span class="class-name">sleniumframework.tests.EndToEndOrderProduct</span>
            </div> <!-- main-panel-header rounded-window-top -->
            <div class="main-panel-content rounded-window-bottom">
              <div class="method">
                <div class="method-content">
                  <a name="registerWhileCheckout">
                  </a> <!-- registerWhileCheckout -->
                  <span class="method-name">registerWhileCheckout</span>
                  <div class="stack-trace">java.lang.IndexOutOfBoundsException: Index 1 out of bounds for length 0
	at java.base/jdk.internal.util.Preconditions.outOfBounds(Preconditions.java:100)
	at java.base/jdk.internal.util.Preconditions.outOfBoundsCheckIndex(Preconditions.java:106)
	at java.base/jdk.internal.util.Preconditions.checkIndex(Preconditions.java:302)
	at java.base/java.util.Objects.checkIndex(Objects.java:385)
	at java.base/java.util.ArrayList.get(ArrayList.java:427)
	at org.openqa.selenium.support.pagefactory.internal.LocatingElementListHandler.invoke(LocatingElementListHandler.java:39)
	at jdk.proxy2/jdk.proxy2.$Proxy12.get(Unknown Source)
	at sleniumframework.pageobjects.ProductsPage.productName(ProductsPage.java:68)
	at sleniumframework.pageobjects.ProductsPage.productDetails(ProductsPage.java:73)
	at sleniumframework.tests.EndToEndOrderProduct.validateProductQuantityInCart(EndToEndOrderProduct.java:134)
	at sleniumframework.tests.EndToEndOrderProduct.registerWhileCheckout(EndToEndOrderProduct.java:146)
	at java.base/java.util.ArrayList.forEach(ArrayList.java:1596)
... Removed 31 stack frames
</div> <!-- stack-trace -->
                </div> <!-- method-content -->
              </div> <!-- method -->
              <div class="method">
                <div class="method-content">
                  <a name="registerWhileCheckout">
                  </a> <!-- registerWhileCheckout -->
                  <span class="method-name">registerWhileCheckout</span>
                  <div class="stack-trace">java.lang.IndexOutOfBoundsException: Index 1 out of bounds for length 0
	at java.base/jdk.internal.util.Preconditions.outOfBounds(Preconditions.java:100)
	at java.base/jdk.internal.util.Preconditions.outOfBoundsCheckIndex(Preconditions.java:106)
	at java.base/jdk.internal.util.Preconditions.checkIndex(Preconditions.java:302)
	at java.base/java.util.Objects.checkIndex(Objects.java:385)
	at java.base/java.util.ArrayList.get(ArrayList.java:427)
	at org.openqa.selenium.support.pagefactory.internal.LocatingElementListHandler.invoke(LocatingElementListHandler.java:39)
	at jdk.proxy2/jdk.proxy2.$Proxy12.get(Unknown Source)
	at sleniumframework.pageobjects.ProductsPage.productName(ProductsPage.java:68)
	at sleniumframework.pageobjects.ProductsPage.productDetails(ProductsPage.java:73)
	at sleniumframework.tests.EndToEndOrderProduct.validateProductQuantityInCart(EndToEndOrderProduct.java:134)
	at sleniumframework.tests.EndToEndOrderProduct.registerWhileCheckout(EndToEndOrderProduct.java:146)
	at java.base/java.util.ArrayList.forEach(ArrayList.java:1596)
... Removed 31 stack frames
</div> <!-- stack-trace -->
                </div> <!-- method-content -->
              </div> <!-- method -->
              <div class="method">
                <div class="method-content">
                  <a name="validateCartProductAfterLogin">
                  </a> <!-- validateCartProductAfterLogin -->
                  <span class="method-name">validateCartProductAfterLogin</span>
                  <div class="stack-trace">org.openqa.selenium.NoSuchElementException: no such element: Unable to locate element: {&quot;method&quot;:&quot;css selector&quot;,&quot;selector&quot;:&quot;[href*=&apos;/login&apos;]&quot;}
  (Session info: chrome=126.0.6478.182)
For documentation on this error, please visit: https://www.selenium.dev/documentation/webdriver/troubleshooting/errors#no-such-element-exception
Build info: version: &apos;4.22.0&apos;, revision: &apos;c5f3146703*&apos;
System info: os.name: &apos;Windows 11&apos;, os.arch: &apos;amd64&apos;, os.version: &apos;10.0&apos;, java.version: &apos;21.0.2&apos;
Driver info: org.openqa.selenium.chrome.ChromeDriver
Command: [986d324da8bd38c0ec30a72a3b912c1c, findElement {using=css selector, value=[href*=&apos;/login&apos;]}]
Capabilities {acceptInsecureCerts: false, browserName: chrome, browserVersion: 126.0.6478.182, chrome: {chromedriverVersion: 126.0.6478.182 (5b5d8292ddf..., userDataDir: C:\Users\Sabir\AppData\Loca...}, fedcm:accounts: true, goog:chromeOptions: {debuggerAddress: localhost:60834}, networkConnectionEnabled: false, pageLoadStrategy: normal, platformName: windows, proxy: Proxy(), se:cdp: ws://localhost:60834/devtoo..., se:cdpVersion: 126.0.6478.182, setWindowRect: true, strictFileInteractability: false, timeouts: {implicit: 0, pageLoad: 300000, script: 30000}, unhandledPromptBehavior: dismiss and notify, webauthn:extension:credBlob: true, webauthn:extension:largeBlob: true, webauthn:extension:minPinLength: true, webauthn:extension:prf: true, webauthn:virtualAuthenticators: true}
Session ID: 986d324da8bd38c0ec30a72a3b912c1c
	at org.openqa.selenium.remote.ErrorCodec.decode(ErrorCodec.java:167)
	at org.openqa.selenium.remote.codec.w3c.W3CHttpResponseCodec.decode(W3CHttpResponseCodec.java:138)
	at org.openqa.selenium.remote.codec.w3c.W3CHttpResponseCodec.decode(W3CHttpResponseCodec.java:50)
	at org.openqa.selenium.remote.HttpCommandExecutor.execute(HttpCommandExecutor.java:190)
	at org.openqa.selenium.remote.service.DriverCommandExecutor.invokeExecute(DriverCommandExecutor.java:216)
	at org.openqa.selenium.remote.service.DriverCommandExecutor.execute(DriverCommandExecutor.java:174)
	at org.openqa.selenium.remote.RemoteWebDriver.execute(RemoteWebDriver.java:518)
	at org.openqa.selenium.remote.ElementLocation$ElementFinder$2.findElement(ElementLocation.java:165)
	at org.openqa.selenium.remote.ElementLocation.findElement(ElementLocation.java:59)
	at org.openqa.selenium.remote.RemoteWebDriver.findElement(RemoteWebDriver.java:355)
	at org.openqa.selenium.remote.RemoteWebDriver.findElement(RemoteWebDriver.java:349)
	at org.openqa.selenium.support.pagefactory.DefaultElementLocator.findElement(DefaultElementLocator.java:68)
	at org.openqa.selenium.support.pagefactory.internal.LocatingElementHandler.invoke(LocatingElementHandler.java:38)
	at jdk.proxy2/jdk.proxy2.$Proxy11.click(Unknown Source)
	at sleniumframework.pageobjects.LandingPage.signupLogin(LandingPage.java:149)
	at sleniumframework.tests.EndToEndOrderProduct.validateCartProductAfterLogin(EndToEndOrderProduct.java:257)
	at java.base/java.util.ArrayList.forEach(ArrayList.java:1596)
... Removed 32 stack frames
</div> <!-- stack-trace -->
                </div> <!-- method-content -->
              </div> <!-- method -->
              <div class="method">
                <div class="method-content">
                  <a name="validateCartProductAfterLogin">
                  </a> <!-- validateCartProductAfterLogin -->
                  <span class="method-name">validateCartProductAfterLogin</span>
                  <div class="stack-trace">org.openqa.selenium.NoSuchElementException: no such element: Unable to locate element: {&quot;method&quot;:&quot;css selector&quot;,&quot;selector&quot;:&quot;[href*=&apos;/login&apos;]&quot;}
  (Session info: chrome=126.0.6478.182)
For documentation on this error, please visit: https://www.selenium.dev/documentation/webdriver/troubleshooting/errors#no-such-element-exception
Build info: version: &apos;4.22.0&apos;, revision: &apos;c5f3146703*&apos;
System info: os.name: &apos;Windows 11&apos;, os.arch: &apos;amd64&apos;, os.version: &apos;10.0&apos;, java.version: &apos;21.0.2&apos;
Driver info: org.openqa.selenium.chrome.ChromeDriver
Command: [986d324da8bd38c0ec30a72a3b912c1c, findElement {using=css selector, value=[href*=&apos;/login&apos;]}]
Capabilities {acceptInsecureCerts: false, browserName: chrome, browserVersion: 126.0.6478.182, chrome: {chromedriverVersion: 126.0.6478.182 (5b5d8292ddf..., userDataDir: C:\Users\Sabir\AppData\Loca...}, fedcm:accounts: true, goog:chromeOptions: {debuggerAddress: localhost:60834}, networkConnectionEnabled: false, pageLoadStrategy: normal, platformName: windows, proxy: Proxy(), se:cdp: ws://localhost:60834/devtoo..., se:cdpVersion: 126.0.6478.182, setWindowRect: true, strictFileInteractability: false, timeouts: {implicit: 0, pageLoad: 300000, script: 30000}, unhandledPromptBehavior: dismiss and notify, webauthn:extension:credBlob: true, webauthn:extension:largeBlob: true, webauthn:extension:minPinLength: true, webauthn:extension:prf: true, webauthn:virtualAuthenticators: true}
Session ID: 986d324da8bd38c0ec30a72a3b912c1c
	at org.openqa.selenium.remote.ErrorCodec.decode(ErrorCodec.java:167)
	at org.openqa.selenium.remote.codec.w3c.W3CHttpResponseCodec.decode(W3CHttpResponseCodec.java:138)
	at org.openqa.selenium.remote.codec.w3c.W3CHttpResponseCodec.decode(W3CHttpResponseCodec.java:50)
	at org.openqa.selenium.remote.HttpCommandExecutor.execute(HttpCommandExecutor.java:190)
	at org.openqa.selenium.remote.service.DriverCommandExecutor.invokeExecute(DriverCommandExecutor.java:216)
	at org.openqa.selenium.remote.service.DriverCommandExecutor.execute(DriverCommandExecutor.java:174)
	at org.openqa.selenium.remote.RemoteWebDriver.execute(RemoteWebDriver.java:518)
	at org.openqa.selenium.remote.ElementLocation$ElementFinder$2.findElement(ElementLocation.java:165)
	at org.openqa.selenium.remote.ElementLocation.findElement(ElementLocation.java:59)
	at org.openqa.selenium.remote.RemoteWebDriver.findElement(RemoteWebDriver.java:355)
	at org.openqa.selenium.remote.RemoteWebDriver.findElement(RemoteWebDriver.java:349)
	at org.openqa.selenium.support.pagefactory.DefaultElementLocator.findElement(DefaultElementLocator.java:68)
	at org.openqa.selenium.support.pagefactory.internal.LocatingElementHandler.invoke(LocatingElementHandler.java:38)
	at jdk.proxy2/jdk.proxy2.$Proxy11.click(Unknown Source)
	at sleniumframework.pageobjects.LandingPage.signupLogin(LandingPage.java:149)
	at sleniumframework.tests.EndToEndOrderProduct.validateCartProductAfterLogin(EndToEndOrderProduct.java:257)
	at java.base/java.util.ArrayList.forEach(ArrayList.java:1596)
... Removed 32 stack frames
</div> <!-- stack-trace -->
                </div> <!-- method-content -->
              </div> <!-- method -->
              <div class="method">
                <div class="method-content">
                  <a name="validateProductQuantityInCart">
                  </a> <!-- validateProductQuantityInCart -->
                  <span class="method-name">validateProductQuantityInCart</span>
                  <div class="stack-trace">java.lang.IndexOutOfBoundsException: Index 1 out of bounds for length 0
	at java.base/jdk.internal.util.Preconditions.outOfBounds(Preconditions.java:100)
	at java.base/jdk.internal.util.Preconditions.outOfBoundsCheckIndex(Preconditions.java:106)
	at java.base/jdk.internal.util.Preconditions.checkIndex(Preconditions.java:302)
	at java.base/java.util.Objects.checkIndex(Objects.java:385)
	at java.base/java.util.ArrayList.get(ArrayList.java:427)
	at org.openqa.selenium.support.pagefactory.internal.LocatingElementListHandler.invoke(LocatingElementListHandler.java:39)
	at jdk.proxy2/jdk.proxy2.$Proxy12.get(Unknown Source)
	at sleniumframework.pageobjects.ProductsPage.productName(ProductsPage.java:68)
	at sleniumframework.pageobjects.ProductsPage.productDetails(ProductsPage.java:73)
	at sleniumframework.tests.EndToEndOrderProduct.validateProductQuantityInCart(EndToEndOrderProduct.java:134)
	at java.base/java.util.ArrayList.forEach(ArrayList.java:1596)
... Removed 31 stack frames
</div> <!-- stack-trace -->
                </div> <!-- method-content -->
              </div> <!-- method -->
              <div class="method">
                <div class="method-content">
                  <a name="validateProductQuantityInCart">
                  </a> <!-- validateProductQuantityInCart -->
                  <span class="method-name">validateProductQuantityInCart</span>
                  <div class="stack-trace">java.lang.IndexOutOfBoundsException: Index 1 out of bounds for length 0
	at java.base/jdk.internal.util.Preconditions.outOfBounds(Preconditions.java:100)
	at java.base/jdk.internal.util.Preconditions.outOfBoundsCheckIndex(Preconditions.java:106)
	at java.base/jdk.internal.util.Preconditions.checkIndex(Preconditions.java:302)
	at java.base/java.util.Objects.checkIndex(Objects.java:385)
	at java.base/java.util.ArrayList.get(ArrayList.java:427)
	at org.openqa.selenium.support.pagefactory.internal.LocatingElementListHandler.invoke(LocatingElementListHandler.java:39)
	at jdk.proxy2/jdk.proxy2.$Proxy12.get(Unknown Source)
	at sleniumframework.pageobjects.ProductsPage.productName(ProductsPage.java:68)
	at sleniumframework.pageobjects.ProductsPage.productDetails(ProductsPage.java:73)
	at sleniumframework.tests.EndToEndOrderProduct.validateProductQuantityInCart(EndToEndOrderProduct.java:134)
	at java.base/java.util.ArrayList.forEach(ArrayList.java:1596)
... Removed 31 stack frames
</div> <!-- stack-trace -->
                </div> <!-- method-content -->
              </div> <!-- method -->
            </div> <!-- main-panel-content rounded-window-bottom -->
          </div> <!-- suite-Regression-class-skipped -->
          <div class="suite-Regression-class-passed">
            <div class="main-panel-header rounded-window-top">
              <img src="passed.png"/>
              <span class="class-name">sleniumframework.tests.EndToEndOrderProduct</span>
            </div> <!-- main-panel-header rounded-window-top -->
            <div class="main-panel-content rounded-window-bottom">
              <div class="method">
                <div class="method-content">
                  <a name="addProductInCart">
                  </a> <!-- addProductInCart -->
                  <span class="method-name">addProductInCart</span>
                </div> <!-- method-content -->
              </div> <!-- method -->
              <div class="method">
                <div class="method-content">
                  <a name="productOrderThroughProductDetails">
                  </a> <!-- productOrderThroughProductDetails -->
                  <span class="method-name">productOrderThroughProductDetails</span>
                </div> <!-- method-content -->
              </div> <!-- method -->
              <div class="method">
                <div class="method-content">
                  <a name="removeProductFromCart">
                  </a> <!-- removeProductFromCart -->
                  <span class="method-name">removeProductFromCart</span>
                </div> <!-- method-content -->
              </div> <!-- method -->
              <div class="method">
                <div class="method-content">
                  <a name="searchProduct">
                  </a> <!-- searchProduct -->
                  <span class="method-name">searchProduct</span>
                </div> <!-- method-content -->
              </div> <!-- method -->
              <div class="method">
                <div class="method-content">
                  <a name="subscriptionValidation">
                  </a> <!-- subscriptionValidation -->
                  <span class="method-name">subscriptionValidation</span>
                </div> <!-- method-content -->
              </div> <!-- method -->
              <div class="method">
                <div class="method-content">
                  <a name="viewCartBrandProducts">
                  </a> <!-- viewCartBrandProducts -->
                  <span class="method-name">viewCartBrandProducts</span>
                </div> <!-- method-content -->
              </div> <!-- method -->
              <div class="method">
                <div class="method-content">
                  <a name="viewCategoryProducts">
                  </a> <!-- viewCategoryProducts -->
                  <span class="method-name">viewCategoryProducts</span>
                </div> <!-- method-content -->
              </div> <!-- method -->
            </div> <!-- main-panel-content rounded-window-bottom -->
          </div> <!-- suite-Regression-class-passed -->
          <div class="suite-Regression-class-passed">
            <div class="main-panel-header rounded-window-top">
              <img src="passed.png"/>
              <span class="class-name">sleniumframework.tests.PageTitleValidation</span>
            </div> <!-- main-panel-header rounded-window-top -->
            <div class="main-panel-content rounded-window-bottom">
              <div class="method">
                <div class="method-content">
                  <a name="addBannerValidation">
                  </a> <!-- addBannerValidation -->
                  <span class="method-name">addBannerValidation</span>
                </div> <!-- method-content -->
              </div> <!-- method -->
              <div class="method">
                <div class="method-content">
                  <a name="headerMenuValidation">
                  </a> <!-- headerMenuValidation -->
                  <span class="method-name">headerMenuValidation</span>
                </div> <!-- method-content -->
              </div> <!-- method -->
              <div class="method">
                <div class="method-content">
                  <a name="sideMenuValidation">
                  </a> <!-- sideMenuValidation -->
                  <span class="method-name">sideMenuValidation</span>
                </div> <!-- method-content -->
              </div> <!-- method -->
            </div> <!-- main-panel-content rounded-window-bottom -->
          </div> <!-- suite-Regression-class-passed -->
          <div class="suite-Regression-class-passed">
            <div class="main-panel-header rounded-window-top">
              <img src="passed.png"/>
              <span class="class-name">sleniumframework.tests.EndToEndTest</span>
            </div> <!-- main-panel-header rounded-window-top -->
            <div class="main-panel-content rounded-window-bottom">
              <div class="method">
                <div class="method-content">
                  <a name="contactUsForm">
                  </a> <!-- contactUsForm -->
                  <span class="method-name">contactUsForm</span>
                </div> <!-- method-content -->
              </div> <!-- method -->
              <div class="method">
                <div class="method-content">
                  <a name="invalidLogin">
                  </a> <!-- invalidLogin -->
                  <span class="method-name">invalidLogin</span>
                </div> <!-- method-content -->
              </div> <!-- method -->
              <div class="method">
                <div class="method-content">
                  <a name="logoutUser">
                  </a> <!-- logoutUser -->
                  <span class="method-name">logoutUser</span>
                </div> <!-- method-content -->
              </div> <!-- method -->
              <div class="method">
                <div class="method-content">
                  <a name="registerPage">
                  </a> <!-- registerPage -->
                  <span class="method-name">registerPage</span>
                </div> <!-- method-content -->
              </div> <!-- method -->
              <div class="method">
                <div class="method-content">
                  <a name="registerWithExistingEmail">
                  </a> <!-- registerWithExistingEmail -->
                  <span class="method-name">registerWithExistingEmail</span>
                </div> <!-- method-content -->
              </div> <!-- method -->
              <div class="method">
                <div class="method-content">
                  <a name="validLogin">
                  </a> <!-- validLogin -->
                  <span class="method-name">validLogin</span>
                </div> <!-- method-content -->
              </div> <!-- method -->
            </div> <!-- main-panel-content rounded-window-bottom -->
          </div> <!-- suite-Regression-class-passed -->
          <div class="suite-Regression-class-passed">
            <div class="main-panel-header rounded-window-top">
              <img src="passed.png"/>
              <span class="class-name">sleniumframework.tests.EndToEndLoginSignup</span>
            </div> <!-- main-panel-header rounded-window-top -->
            <div class="main-panel-content rounded-window-bottom">
              <div class="method">
                <div class="method-content">
                  <a name="deleteAccount">
                  </a> <!-- deleteAccount -->
                  <span class="method-name">deleteAccount</span>
                </div> <!-- method-content -->
              </div> <!-- method -->
              <div class="method">
                <div class="method-content">
                  <a name="invalidLogin">
                  </a> <!-- invalidLogin -->
                  <span class="method-name">invalidLogin</span>
                </div> <!-- method-content -->
              </div> <!-- method -->
              <div class="method">
                <div class="method-content">
                  <a name="registerWithExistingEmail">
                  </a> <!-- registerWithExistingEmail -->
                  <span class="method-name">registerWithExistingEmail</span>
                </div> <!-- method-content -->
              </div> <!-- method -->
              <div class="method">
                <div class="method-content">
                  <a name="signupFlow">
                  </a> <!-- signupFlow -->
                  <span class="method-name">signupFlow</span>
                </div> <!-- method-content -->
              </div> <!-- method -->
              <div class="method">
                <div class="method-content">
                  <a name="validLogin">
                  </a> <!-- validLogin -->
                  <span class="method-name">validLogin</span>
                </div> <!-- method-content -->
              </div> <!-- method -->
            </div> <!-- main-panel-content rounded-window-bottom -->
          </div> <!-- suite-Regression-class-passed -->
          <div class="suite-Regression-class-passed">
            <div class="main-panel-header rounded-window-top">
              <img src="passed.png"/>
              <span class="class-name">sleniumframework.tests.contactUsFormValidation</span>
            </div> <!-- main-panel-header rounded-window-top -->
            <div class="main-panel-content rounded-window-bottom">
              <div class="method">
                <div class="method-content">
                  <a name="validateContactUsForm">
                  </a> <!-- validateContactUsForm -->
                  <span class="method-name">validateContactUsForm</span>
                </div> <!-- method-content -->
              </div> <!-- method -->
            </div> <!-- main-panel-content rounded-window-bottom -->
          </div> <!-- suite-Regression-class-passed -->
        </div> <!-- panel Regression -->
        <div panel-name="test-xml-Regression" class="panel">
          <div class="main-panel-header rounded-window-top">
            <span class="header-content">C:\Users\Sabir\eclipse-workspace\sleniumframework\testSuites\testng.xml</span>
          </div> <!-- main-panel-header rounded-window-top -->
          <div class="main-panel-content rounded-window-bottom">
            <pre>
&lt;?xml version=&quot;1.0&quot; encoding=&quot;UTF-8&quot;?&gt;
&lt;!DOCTYPE suite SYSTEM &quot;https://testng.org/testng-1.0.dtd&quot;&gt;
&lt;suite name=&quot;Regression&quot; verbose=&quot;0&quot;&gt;
  &lt;listeners&gt;
    &lt;listener class-name=&quot;sleniumframework.testcomponents.Listeners&quot;/&gt;
  &lt;/listeners&gt;
  &lt;test thread-count=&quot;5&quot; name=&quot;Regression Test&quot; verbose=&quot;0&quot;&gt;
    &lt;classes&gt;
      &lt;class name=&quot;sleniumframework.tests.EndToEndLoginSignup&quot;/&gt;
      &lt;class name=&quot;sleniumframework.tests.PageTitleValidation&quot;/&gt;
      &lt;class name=&quot;sleniumframework.tests.contactUsFormValidation&quot;/&gt;
      &lt;class name=&quot;sleniumframework.tests.EndToEndTest&quot;/&gt;
      &lt;class name=&quot;sleniumframework.tests.EndToEndOrderProduct&quot;/&gt;
    &lt;/classes&gt;
  &lt;/test&gt; &lt;!-- Regression Test --&gt;
&lt;/suite&gt; &lt;!-- Regression --&gt;
            </pre>
          </div> <!-- main-panel-content rounded-window-bottom -->
        </div> <!-- panel -->
        <div panel-name="testlist-Regression" class="panel">
          <div class="main-panel-header rounded-window-top">
            <span class="header-content">Tests for Regression</span>
          </div> <!-- main-panel-header rounded-window-top -->
          <div class="main-panel-content rounded-window-bottom">
            <ul>
              <li>
                <span class="test-name">Regression Test (5 classes)</span>
              </li>
            </ul>
          </div> <!-- main-panel-content rounded-window-bottom -->
        </div> <!-- panel -->
        <div panel-name="group-Regression" class="panel">
          <div class="main-panel-header rounded-window-top">
            <span class="header-content">Groups for Regression</span>
          </div> <!-- main-panel-header rounded-window-top -->
          <div class="main-panel-content rounded-window-bottom">
          </div> <!-- main-panel-content rounded-window-bottom -->
        </div> <!-- panel -->
        <div panel-name="times-Regression" class="panel">
          <div class="main-panel-header rounded-window-top">
            <span class="header-content">Times for Regression</span>
          </div> <!-- main-panel-header rounded-window-top -->
          <div class="main-panel-content rounded-window-bottom">
            <div class="times-div">
              <script type="text/javascript">
suiteTableInitFunctions.push('tableData_Regression');
function tableData_Regression() {
var data = new google.visualization.DataTable();
data.addColumn('number', 'Number');
data.addColumn('string', 'Method');
data.addColumn('string', 'Class');
data.addColumn('number', 'Time (ms)');
data.addRows(31);
data.setCell(0, 0, 0)
data.setCell(0, 1, 'validateCartProductAfterLogin')
data.setCell(0, 2, 'sleniumframework.tests.EndToEndOrderProduct')
data.setCell(0, 3, 15233);
data.setCell(1, 0, 1)
data.setCell(1, 1, 'validateCartProductAfterLogin')
data.setCell(1, 2, 'sleniumframework.tests.EndToEndOrderProduct')
data.setCell(1, 3, 15229);
data.setCell(2, 0, 2)
data.setCell(2, 1, 'validateCartProductAfterLogin')
data.setCell(2, 2, 'sleniumframework.tests.EndToEndOrderProduct')
data.setCell(2, 3, 14513);
data.setCell(3, 0, 3)
data.setCell(3, 1, 'productOrderThroughProductDetails')
data.setCell(3, 2, 'sleniumframework.tests.EndToEndOrderProduct')
data.setCell(3, 3, 10620);
data.setCell(4, 0, 4)
data.setCell(4, 1, 'registerWhileCheckout')
data.setCell(4, 2, 'sleniumframework.tests.EndToEndOrderProduct')
data.setCell(4, 3, 10034);
data.setCell(5, 0, 5)
data.setCell(5, 1, 'validateProductQuantityInCart')
data.setCell(5, 2, 'sleniumframework.tests.EndToEndOrderProduct')
data.setCell(5, 3, 10033);
data.setCell(6, 0, 6)
data.setCell(6, 1, 'validateProductQuantityInCart')
data.setCell(6, 2, 'sleniumframework.tests.EndToEndOrderProduct')
data.setCell(6, 3, 10028);
data.setCell(7, 0, 7)
data.setCell(7, 1, 'validateProductQuantityInCart')
data.setCell(7, 2, 'sleniumframework.tests.EndToEndOrderProduct')
data.setCell(7, 3, 10015);
data.setCell(8, 0, 8)
data.setCell(8, 1, 'registerWhileCheckout')
data.setCell(8, 2, 'sleniumframework.tests.EndToEndOrderProduct')
data.setCell(8, 3, 10014);
data.setCell(9, 0, 9)
data.setCell(9, 1, 'registerWhileCheckout')
data.setCell(9, 2, 'sleniumframework.tests.EndToEndOrderProduct')
data.setCell(9, 3, 10012);
data.setCell(10, 0, 10)
data.setCell(10, 1, 'sideMenuValidation')
data.setCell(10, 2, 'sleniumframework.tests.PageTitleValidation')
data.setCell(10, 3, 8889);
data.setCell(11, 0, 11)
data.setCell(11, 1, 'headerMenuValidation')
data.setCell(11, 2, 'sleniumframework.tests.PageTitleValidation')
data.setCell(11, 3, 5037);
data.setCell(12, 0, 12)
data.setCell(12, 1, 'registerPage')
data.setCell(12, 2, 'sleniumframework.tests.EndToEndTest')
data.setCell(12, 3, 3989);
data.setCell(13, 0, 13)
data.setCell(13, 1, 'viewCategoryProducts')
data.setCell(13, 2, 'sleniumframework.tests.EndToEndOrderProduct')
data.setCell(13, 3, 3849);
data.setCell(14, 0, 14)
data.setCell(14, 1, 'removeProductFromCart')
data.setCell(14, 2, 'sleniumframework.tests.EndToEndOrderProduct')
data.setCell(14, 3, 3776);
data.setCell(15, 0, 15)
data.setCell(15, 1, 'signupFlow')
data.setCell(15, 2, 'sleniumframework.tests.EndToEndLoginSignup')
data.setCell(15, 3, 3271);
data.setCell(16, 0, 16)
data.setCell(16, 1, 'viewCartBrandProducts')
data.setCell(16, 2, 'sleniumframework.tests.EndToEndOrderProduct')
data.setCell(16, 3, 2740);
data.setCell(17, 0, 17)
data.setCell(17, 1, 'validateContactUsForm')
data.setCell(17, 2, 'sleniumframework.tests.contactUsFormValidation')
data.setCell(17, 3, 2684);
data.setCell(18, 0, 18)
data.setCell(18, 1, 'contactUsForm')
data.setCell(18, 2, 'sleniumframework.tests.EndToEndTest')
data.setCell(18, 3, 1872);
data.setCell(19, 0, 19)
data.setCell(19, 1, 'deleteAccount')
data.setCell(19, 2, 'sleniumframework.tests.EndToEndLoginSignup')
data.setCell(19, 3, 1759);
data.setCell(20, 0, 20)
data.setCell(20, 1, 'addProductInCart')
data.setCell(20, 2, 'sleniumframework.tests.EndToEndOrderProduct')
data.setCell(20, 3, 1731);
data.setCell(21, 0, 21)
data.setCell(21, 1, 'validLogin')
data.setCell(21, 2, 'sleniumframework.tests.EndToEndTest')
data.setCell(21, 3, 1721);
data.setCell(22, 0, 22)
data.setCell(22, 1, 'validLogin')
data.setCell(22, 2, 'sleniumframework.tests.EndToEndLoginSignup')
data.setCell(22, 3, 1718);
data.setCell(23, 0, 23)
data.setCell(23, 1, 'logoutUser')
data.setCell(23, 2, 'sleniumframework.tests.EndToEndTest')
data.setCell(23, 3, 1699);
data.setCell(24, 0, 24)
data.setCell(24, 1, 'addBannerValidation')
data.setCell(24, 2, 'sleniumframework.tests.PageTitleValidation')
data.setCell(24, 3, 1443);
data.setCell(25, 0, 25)
data.setCell(25, 1, 'subscriptionValidation')
data.setCell(25, 2, 'sleniumframework.tests.EndToEndOrderProduct')
data.setCell(25, 3, 1346);
data.setCell(26, 0, 26)
data.setCell(26, 1, 'searchProduct')
data.setCell(26, 2, 'sleniumframework.tests.EndToEndOrderProduct')
data.setCell(26, 3, 1180);
data.setCell(27, 0, 27)
data.setCell(27, 1, 'invalidLogin')
data.setCell(27, 2, 'sleniumframework.tests.EndToEndLoginSignup')
data.setCell(27, 3, 700);
data.setCell(28, 0, 28)
data.setCell(28, 1, 'registerWithExistingEmail')
data.setCell(28, 2, 'sleniumframework.tests.EndToEndLoginSignup')
data.setCell(28, 3, 700);
data.setCell(29, 0, 29)
data.setCell(29, 1, 'registerWithExistingEmail')
data.setCell(29, 2, 'sleniumframework.tests.EndToEndTest')
data.setCell(29, 3, 696);
data.setCell(30, 0, 30)
data.setCell(30, 1, 'invalidLogin')
data.setCell(30, 2, 'sleniumframework.tests.EndToEndTest')
data.setCell(30, 3, 672);
window.suiteTableData['Regression']= { tableData: data, tableDiv: 'times-div-Regression'}
return data;
}
              </script>
              <span class="suite-total-time">Total running time: 2 minutes</span>
              <div id="times-div-Regression">
              </div> <!-- times-div-Regression -->
            </div> <!-- times-div -->
          </div> <!-- main-panel-content rounded-window-bottom -->
        </div> <!-- panel -->
        <div panel-name="reporter-Regression" class="panel">
          <div class="main-panel-header rounded-window-top">
            <span class="header-content">Reporter output for Regression</span>
          </div> <!-- main-panel-header rounded-window-top -->
          <div class="main-panel-content rounded-window-bottom">
          </div> <!-- main-panel-content rounded-window-bottom -->
        </div> <!-- panel -->
        <div panel-name="ignored-methods-Regression" class="panel">
          <div class="main-panel-header rounded-window-top">
            <span class="header-content">0 ignored methods</span>
          </div> <!-- main-panel-header rounded-window-top -->
          <div class="main-panel-content rounded-window-bottom">
          </div> <!-- main-panel-content rounded-window-bottom -->
        </div> <!-- panel -->
        <div panel-name="chronological-Regression" class="panel">
          <div class="main-panel-header rounded-window-top">
            <span class="header-content">Methods in chronological order</span>
          </div> <!-- main-panel-header rounded-window-top -->
          <div class="main-panel-content rounded-window-bottom">
            <div class="chronological-class">
              <div class="chronological-class-name">sleniumframework.tests.EndToEndLoginSignup</div> <!-- chronological-class-name -->
              <div class="configuration-class before">
                <span class="method-name">landingPage</span>
                <span class="method-start">0 ms</span>
              </div> <!-- configuration-class before -->
              <div class="test-method">
                <span class="method-name">signupFlow</span>
                <span class="method-start">7472 ms</span>
              </div> <!-- test-method -->
              <div class="test-method">
                <span class="method-name">validLogin</span>
                <span class="method-start">10791 ms</span>
              </div> <!-- test-method -->
              <div class="test-method">
                <span class="method-name">invalidLogin</span>
                <span class="method-start">12512 ms</span>
              </div> <!-- test-method -->
              <div class="test-method">
                <span class="method-name">registerWithExistingEmail</span>
                <span class="method-start">13214 ms</span>
              </div> <!-- test-method -->
              <div class="test-method">
                <span class="method-name">deleteAccount</span>
                <span class="method-start">13915 ms</span>
              </div> <!-- test-method -->
              <div class="configuration-class after">
                <span class="method-name">tearDown</span>
                <span class="method-start">15677 ms</span>
              </div> <!-- configuration-class after -->
            </div> <!-- chronological-class -->
            <div class="chronological-class">
              <div class="chronological-class-name">sleniumframework.tests.PageTitleValidation</div> <!-- chronological-class-name -->
              <div class="configuration-class before">
                <span class="method-name">landingPage</span>
                <span class="method-start">15878 ms</span>
              </div> <!-- configuration-class before -->
              <div class="test-method">
                <span class="method-name">headerMenuValidation</span>
                <span class="method-start">22178 ms</span>
              </div> <!-- test-method -->
              <div class="test-method">
                <span class="method-name">addBannerValidation</span>
                <span class="method-start">27217 ms</span>
              </div> <!-- test-method -->
              <div class="test-method">
                <span class="method-name">sideMenuValidation</span>
                <span class="method-start">28662 ms</span>
              </div> <!-- test-method -->
              <div class="configuration-class after">
                <span class="method-name">tearDown</span>
                <span class="method-start">37553 ms</span>
              </div> <!-- configuration-class after -->
            </div> <!-- chronological-class -->
            <div class="chronological-class">
              <div class="chronological-class-name">sleniumframework.tests.contactUsFormValidation</div> <!-- chronological-class-name -->
              <div class="configuration-class before">
                <span class="method-name">landingPage</span>
                <span class="method-start">37772 ms</span>
              </div> <!-- configuration-class before -->
              <div class="test-method">
                <span class="method-name">validateContactUsForm</span>
                <span class="method-start">43812 ms</span>
              </div> <!-- test-method -->
              <div class="configuration-class after">
                <span class="method-name">tearDown</span>
                <span class="method-start">46498 ms</span>
              </div> <!-- configuration-class after -->
            </div> <!-- chronological-class -->
            <div class="chronological-class">
              <div class="chronological-class-name">sleniumframework.tests.EndToEndTest</div> <!-- chronological-class-name -->
              <div class="configuration-class before">
                <span class="method-name">landingPage</span>
                <span class="method-start">46684 ms</span>
              </div> <!-- configuration-class before -->
              <div class="test-method">
                <span class="method-name">registerPage</span>
                <span class="method-start">52415 ms</span>
              </div> <!-- test-method -->
              <div class="test-method">
                <span class="method-name">validLogin</span>
                <span class="method-start">56406 ms</span>
              </div> <!-- test-method -->
              <div class="test-method">
                <span class="method-name">invalidLogin</span>
                <span class="method-start">58128 ms</span>
              </div> <!-- test-method -->
              <div class="test-method">
                <span class="method-name">logoutUser</span>
                <span class="method-start">58802 ms</span>
              </div> <!-- test-method -->
              <div class="test-method">
                <span class="method-name">registerWithExistingEmail</span>
                <span class="method-start">60503 ms</span>
              </div> <!-- test-method -->
              <div class="test-method">
                <span class="method-name">contactUsForm</span>
                <span class="method-start">61200 ms</span>
              </div> <!-- test-method -->
              <div class="configuration-class after">
                <span class="method-name">tearDown</span>
                <span class="method-start">63073 ms</span>
              </div> <!-- configuration-class after -->
            </div> <!-- chronological-class -->
            <div class="chronological-class">
              <div class="chronological-class-name">sleniumframework.tests.EndToEndOrderProduct</div> <!-- chronological-class-name -->
              <div class="configuration-class before">
                <span class="method-name">landingPage</span>
                <span class="method-start">63267 ms</span>
              </div> <!-- configuration-class before -->
              <div class="test-method">
                <span class="method-name">productOrderThroughProductDetails</span>
                <span class="method-start">69369 ms</span>
              </div> <!-- test-method -->
              <div class="test-method">
                <span class="method-name">searchProduct</span>
                <span class="method-start">79991 ms</span>
              </div> <!-- test-method -->
              <div class="test-method">
                <span class="method-name">subscriptionValidation</span>
                <span class="method-start">81173 ms</span>
              </div> <!-- test-method -->
              <div class="test-method">
                <span class="method-name">addProductInCart</span>
                <span class="method-start">82520 ms</span>
              </div> <!-- test-method -->
              <div class="test-method">
                <span class="method-name">validateProductQuantityInCart</span>
                <span class="method-start">84252 ms</span>
              </div> <!-- test-method -->
              <div class="test-method">
                <span class="method-name">validateProductQuantityInCart</span>
                <span class="method-start">94288 ms</span>
              </div> <!-- test-method -->
              <div class="test-method">
                <img src="failed.png">
                </img>
                <span class="method-name">validateProductQuantityInCart</span>
                <span class="method-start">104320 ms</span>
              </div> <!-- test-method -->
              <div class="test-method">
                <span class="method-name">registerWhileCheckout</span>
                <span class="method-start">114441 ms</span>
              </div> <!-- test-method -->
              <div class="test-method">
                <span class="method-name">registerWhileCheckout</span>
                <span class="method-start">124477 ms</span>
              </div> <!-- test-method -->
              <div class="test-method">
                <img src="failed.png">
                </img>
                <span class="method-name">registerWhileCheckout</span>
                <span class="method-start">134493 ms</span>
              </div> <!-- test-method -->
              <div class="test-method">
                <span class="method-name">removeProductFromCart</span>
                <span class="method-start">144611 ms</span>
              </div> <!-- test-method -->
              <div class="test-method">
                <span class="method-name">viewCategoryProducts</span>
                <span class="method-start">148388 ms</span>
              </div> <!-- test-method -->
              <div class="test-method">
                <span class="method-name">viewCartBrandProducts</span>
                <span class="method-start">152239 ms</span>
              </div> <!-- test-method -->
              <div class="test-method">
                <span class="method-name">validateCartProductAfterLogin</span>
                <span class="method-start">154980 ms</span>
              </div> <!-- test-method -->
              <div class="test-method">
                <span class="method-name">validateCartProductAfterLogin</span>
                <span class="method-start">169495 ms</span>
              </div> <!-- test-method -->
              <div class="test-method">
                <img src="failed.png">
                </img>
                <span class="method-name">validateCartProductAfterLogin</span>
                <span class="method-start">184730 ms</span>
              </div> <!-- test-method -->
              <div class="configuration-class after">
                <span class="method-name">tearDown</span>
                <span class="method-start">200116 ms</span>
              </div> <!-- configuration-class after -->
          </div> <!-- main-panel-content rounded-window-bottom -->
        </div> <!-- panel -->
      </div> <!-- main-panel-root -->
    </div> <!-- wrapper -->
  </body>
<script type="text/javascript" src="testng-reports2.js"></script>
</html>
